0 info it worked if it ends with ok
1 verbose cli [ 'C:\\Program Files\\nodejs\\node.exe',
1 verbose cli   'C:\\Program Files\\nodejs\\node_modules\\cnpm\\node_modules\\npm\\bin\\npm-cli.js',
1 verbose cli   '--userconfig=C:\\Users\\huzhiwei01\\.cnpmrc',
1 verbose cli   '--disturl=https://npm.taobao.org/mirrors/node',
1 verbose cli   '--registry=https://registry.npm.taobao.org',
1 verbose cli   'run',
1 verbose cli   'dev' ]
2 info using npm@3.10.10
3 info using node@v6.9.4
4 verbose run-script [ 'predev', 'dev', 'postdev' ]
5 info lifecycle 01.webpack-study@1.0.0~predev: 01.webpack-study@1.0.0
6 silly lifecycle 01.webpack-study@1.0.0~predev: no script for predev, continuing
7 info lifecycle 01.webpack-study@1.0.0~dev: 01.webpack-study@1.0.0
8 verbose lifecycle 01.webpack-study@1.0.0~dev: unsafe-perm in lifecycle true
9 verbose lifecycle 01.webpack-study@1.0.0~dev: PATH: C:\Program Files\nodejs\node_modules\cnpm\node_modules\npm\bin\node-gyp-bin;D:\vue项目\vue资料包\day07\代码\03.vue项目\node_modules\.bin;C:\ProgramData\Oracle\Java\javapath;C:\WINDOWS\system32;C:\WINDOWS;C:\WINDOWS\System32\Wbem;C:\WINDOWS\System32\WindowsPowerShell\v1.0\;C:\AppCan\AppCanStudioPersonalV3.1\HDK\emulator\mas\;C:\Program Files (x86)\Windows Kits\10\Windows Performance Toolkit\;C:\Program Files\nodejs\;C:\Program Files (x86)\Java\jdk1.8.0_131\bin;D:\wamp;C:\Program Files\VisualSVN Server\bin;C:\Program Files\TortoiseSVN\bin;C:\Program Files\Git\cmd;C:\Program Files (x86)\Java\jdk1.8.0_131\jre\bin;C:\Android\tools;C:\Android\platform-tools;C:\Users\huzhiwei01\AppData\Local\Programs\Python\Python36-32\Scripts\;C:\Users\huzhiwei01\AppData\Local\Programs\Python\Python36-32\;C:\Users\huzhiwei01\AppData\Local\Microsoft\WindowsApps;C:\Program Files (x86)\Microsoft VS Code\bin;C:\Users\huzhiwei01\AppData\Roaming\npm;C:\Program Files\nodejs;C:\Program Files\MongoDB\Server\3.4\bin
10 verbose lifecycle 01.webpack-study@1.0.0~dev: CWD: D:\vue项目\vue资料包\day07\代码\03.vue项目
11 silly lifecycle 01.webpack-study@1.0.0~dev: Args: [ '/d /s /c', 'webpack-dev-server --open --port 3000 --hot' ]
12 silly lifecycle 01.webpack-study@1.0.0~dev: Returned: code: 1  signal: null
13 info lifecycle 01.webpack-study@1.0.0~dev: Failed to exec dev script
14 verbose stack Error: 01.webpack-study@1.0.0 dev: `webpack-dev-server --open --port 3000 --hot`
14 verbose stack Exit status 1
14 verbose stack     at EventEmitter.<anonymous> (C:\Program Files\nodejs\node_modules\cnpm\node_modules\npm\lib\utils\lifecycle.js:255:16)
14 verbose stack     at emitTwo (events.js:106:13)
14 verbose stack     at EventEmitter.emit (events.js:191:7)
14 verbose stack     at ChildProcess.<anonymous> (C:\Program Files\nodejs\node_modules\cnpm\node_modules\npm\lib\utils\spawn.js:40:14)
14 verbose stack     at emitTwo (events.js:106:13)
14 verbose stack     at ChildProcess.emit (events.js:191:7)
14 verbose stack     at maybeClose (internal/child_process.js:877:16)
14 verbose stack     at Process.ChildProcess._handle.onexit (internal/child_process.js:226:5)
15 verbose pkgid 01.webpack-study@1.0.0
16 verbose cwd D:\vue项目\vue资料包\day07\代码\03.vue项目
17 error Windows_NT 10.0.14393
18 error argv "C:\\Program Files\\nodejs\\node.exe" "C:\\Program Files\\nodejs\\node_modules\\cnpm\\node_modules\\npm\\bin\\npm-cli.js" "--userconfig=C:\\Users\\huzhiwei01\\.cnpmrc" "--disturl=https://npm.taobao.org/mirrors/node" "--registry=https://registry.npm.taobao.org" "run" "dev"
19 error node v6.9.4
20 error npm  v3.10.10
21 error code ELIFECYCLE
22 error 01.webpack-study@1.0.0 dev: `webpack-dev-server --open --port 3000 --hot`
22 error Exit status 1
23 error Failed at the 01.webpack-study@1.0.0 dev script 'webpack-dev-server --open --port 3000 --hot'.
23 error Make sure you have the latest version of node.js and npm installed.
23 error If you do, this is most likely a problem with the 01.webpack-study package,
23 error not with npm itself.
23 error Tell the author that this fails on your system:
23 error     webpack-dev-server --open --port 3000 --hot
23 error You can get information on how to open an issue for this project with:
23 error     npm bugs 01.webpack-study
23 error Or if that isn't available, you can get their info via:
23 error     npm owner ls 01.webpack-study
23 error There is likely additional logging output above.
24 verbose exit [ 1, true ]
